\BOOKMARK [1][-]{section.1}{\376\377\000I\000n\000t\000r\000o\000d\000u\000c\000t\000i\000o\000n}{}% 1
\BOOKMARK [1][-]{section.2}{\376\377\000E\000x\000p\000e\000r\000i\000m\000e\000n\000t\000a\000l\000\040\000B\000e\000n\000c\000h\000m\000a\000r\000k}{}% 2
\BOOKMARK [1][-]{section.3}{\376\377\000N\000u\000m\000e\000r\000i\000c\000a\000l\000\040\000S\000e\000t\000u\000p}{}% 3
\BOOKMARK [2][-]{subsection.3.1}{\376\377\000D\000o\000m\000a\000i\000n\000\040\000a\000n\000d\000\040\000M\000e\000s\000h}{section.3}% 4
\BOOKMARK [2][-]{subsection.3.2}{\376\377\000B\000o\000u\000n\000d\000a\000r\000y\000\040\000C\000o\000n\000d\000i\000t\000i\000o\000n\000s}{section.3}% 5
\BOOKMARK [2][-]{subsection.3.3}{\376\377\000T\000u\000r\000b\000u\000l\000e\000n\000c\000e\000\040\000m\000o\000d\000e\000l\000i\000n\000g}{section.3}% 6
\BOOKMARK [2][-]{subsection.3.4}{\376\377\000S\000o\000l\000v\000e\000r}{section.3}% 7
\BOOKMARK [2][-]{subsection.3.5}{\376\377\000M\000u\000l\000t\000i\000p\000h\000a\000s\000e\000\040\000F\000o\000r\000c\000e\000s}{section.3}% 8
\BOOKMARK [1][-]{section.4}{\376\377\000R\000e\000s\000u\000l\000t\000s\000\040\000a\000n\000d\000\040\000D\000i\000s\000c\000u\000s\000s\000i\000o\000n}{}% 9
\BOOKMARK [2][-]{subsection.4.1}{\376\377\000C\000F\000D\000\040\000m\000e\000t\000h\000o\000d\000o\000l\000o\000g\000y}{section.4}% 10
\BOOKMARK [2][-]{subsection.4.2}{\376\377\000M\000e\000s\000h\000\040\000s\000e\000n\000s\000i\000t\000i\000v\000i\000t\000y}{section.4}% 11
\BOOKMARK [2][-]{subsection.4.3}{\376\377\000T\000i\000m\000e\000\040\000s\000e\000n\000s\000i\000t\000i\000v\000i\000t\000y}{section.4}% 12
\BOOKMARK [2][-]{subsection.4.4}{\376\377\000T\000u\000r\000b\000u\000l\000e\000n\000c\000e\000\040\000m\000o\000d\000e\000l\000s}{section.4}% 13
\BOOKMARK [3][-]{subsubsection.4.4.1}{\376\377\000k\000-\000\040\000S\000S\000T\000\040\000S\000a\000t\000o}{subsection.4.4}% 14
\BOOKMARK [3][-]{subsubsection.4.4.2}{\376\377\000L\000a\000h\000e\000y\000\040\000k\000-\000E\000p\000s\000i\000l\000o\000n}{subsection.4.4}% 15
\BOOKMARK [3][-]{subsubsection.4.4.3}{\376\377\000M\000i\000x\000t\000u\000r\000e\000\040\000k\000-\000E\000p\000s\000i\000l\000o\000n}{subsection.4.4}% 16
\BOOKMARK [2][-]{subsection.4.5}{\376\377\000D\000r\000a\000g\000\040\000m\000o\000d\000e\000l\000s}{section.4}% 17
\BOOKMARK [3][-]{subsubsection.4.5.1}{\376\377\000I\000s\000h\000i\000i\000Z\000u\000b\000e\000r}{subsection.4.5}% 18
\BOOKMARK [2][-]{subsection.4.6}{\376\377\000L\000i\000f\000t\000\040\000m\000o\000d\000e\000l\000s}{section.4}% 19
\BOOKMARK [3][-]{subsubsection.4.6.1}{\376\377\000T\000o\000m\000i\000y\000a\000m\000a}{subsection.4.6}% 20
\BOOKMARK [3][-]{subsubsection.4.6.2}{\376\377\000M\000o\000r\000a\000g\000a}{subsection.4.6}% 21
\BOOKMARK [2][-]{subsection.4.7}{\376\377\000T\000u\000r\000b\000u\000l\000e\000n\000t\000\040\000d\000i\000s\000p\000e\000r\000s\000i\000o\000n\000\040\000m\000o\000d\000e\000l\000s}{section.4}% 22
\BOOKMARK [3][-]{subsubsection.4.7.1}{\376\377\000B\000u\000r\000n\000s}{subsection.4.7}% 23
\BOOKMARK [3][-]{subsubsection.4.7.2}{\376\377\000L\000o\000p\000e\000z\000D\000e\000B\000e\000r\000t\000o\000d\000a\000n\000o\000n\000o\000n\000e}{subsection.4.7}% 24
\BOOKMARK [2][-]{subsection.4.8}{\376\377\000W\000a\000l\000l\000\040\000l\000u\000b\000r\000i\000c\000a\000t\000i\000o\000n\000\040\000m\000o\000d\000e\000l\000s}{section.4}% 25
\BOOKMARK [3][-]{subsubsection.4.8.1}{\376\377\000A\000n\000t\000a\000l}{subsection.4.8}% 26
\BOOKMARK [3][-]{subsubsection.4.8.2}{\376\377\000F\000r\000a\000n\000k}{subsection.4.8}% 27
\BOOKMARK [2][-]{subsection.4.9}{\376\377\000I\000n\000f\000l\000o\000w\000\040\000v\000e\000l\000o\000c\000i\000t\000y}{section.4}% 28
\BOOKMARK [1][-]{appendix.A}{\376\377\000A\000p\000p\000e\000n\000d\000i\000x\000\040\000A\000:\000\040\000f\000v\000M\000o\000d\000e\000l\000s\000\040\000s\000o\000u\000r\000c\000e\000\040\000c\000o\000d\000e\000\040\000f\000o\000r\000\040\000d\000e\000g\000a\000s\000s\000i\000n\000g\000\040\000b\000o\000u\000n\000d\000a\000r\000y\000\040\000c\000o\000n\000d\000i\000t\000i\000o\000n\000s}{}% 29
